[20210722234242] Running essay with specs recovered from [..\configs\t01\sp\preprocess_T01_sp.cfg]

[20210722234242] Processing essay configuration file [..\configs\t01\sp\preprocess_T01_sp.cfg]
ESSAY_CONFIGID : SP (as <class 'str'>)
ESSAY_ESSAYID : T01 (as <class 'str'>)
ESSAY_LABEL : Surveillance data for SP (default settings for a SIRD model) (as <class 'str'>)
ESSAY_RUNS : 1 (as <class 'int'>)
ESSAY_SCENARIO : Essay T01, Config SP - Surveillance data for SP (as <class 'str'>)
PARAM_CORE_MODEL : IB-forward (as <class 'str'>)
PARAM_DATAFIELDS : ['state', 'state', 'city', 'date', 'new_confirmed', 'new_deaths'] (as <class 'list'>)
PARAM_DATAFILE : caso_full.csv (as <class 'str'>)
PARAM_MASK_ERRORS : True (as <class 'bool'>)
PARAM_MA_WINDOW : 7 (as <class 'int'>)
PARAM_OUTCOMES : [(0.81, 14, 0.05), (0.14, 28, 0.06), (0.05, 42, 0.1)] (as <class 'list'>)
PARAM_POPSIZES : {'AM, AM, Manaus': 2219580, 'AM, AM, *': 4207714, 'SP, SP, Serrana': 45644, 'SP, SP, *': 46289333, 'SP, SP, Itapevi': 240961, 'SP, SP, Tremembé': 47714, '*, *, *': 211755692} (as <class 'dict'>)
PARAM_SOURCEPATH : ['D:\\', 'Task Stage', 'Task - covidsims', 'covidsims', 'datasets', 'brasil-io'] (as <class 'list'>)
PARAM_TARGETPATH : ['D:\\', 'Task Stage', 'Task - covidsims', 'covidsims', 'results'] (as <class 'list'>)
PARAM_TERRITORY : ['SP, SP, *'] (as <class 'list'>)

[20210722234242] Loading raw data
[20210722234317] -- 7913583 cases reported in total.
[20210722234317] -- 271463 death reported in total.
[20210722234318] -- 513 records have been loaded.
[20210722234318] -- samples:
[20210722234318]    (['SP, SP, *'], datetime.datetime(2020, 2, 25, 0, 0), 2, 0)
[20210722234318]    (['SP, SP, *'], datetime.datetime(2021, 7, 21, 0, 0), 18435, 483)
[20210722234318] Creating the Book of Life
[20210722234337] -- 559 records have been created.
[20210722234337] Playing the Book of Life forward
[20210722234337] -- 514 records have been created.
[20210722234337] Saving the results
[20210722234548] Results and inspection logs were saved in [D:\Task Stage\Task - covidsims\covidsims\results\T01\SP]
[20210722234548] Finished essay with specs recovered from [..\configs\t01\sp\preprocess_T01_sp.cfg]
